<?xml version="1.0" encoding="UTF-8"?>
<!-- Generated by org.testng.reporters.JUnitXMLReporter -->
<testsuite hostname="Securax-PC" ignored="0" name="Default test" tests="2" failures="0" timestamp="05 Sep 2019 11:45:22 GMT" time="18.279" errors="0">
  <testcase name="loginPageTitleTest" time="0.037" classname="com.secutime.app.testcases.login.LoginPageTest"/>
  <testcase name="loginTest" time="5.432" classname="com.secutime.app.testcases.login.LoginPageTest"/>
</testsuite> <!-- Default test -->
