<?xml version="1.0" encoding="UTF-8"?>
<!-- Generated by org.testng.reporters.JUnitXMLReporter -->
<testsuite hostname="Securax-PC" ignored="0" name="Default test" tests="2" failures="0" timestamp="04 Sep 2019 13:41:24 GMT" time="16.255" errors="0">
  <testcase name="loginPageTitleTest" time="0.069" classname="com.secutime.app.testcases.login.LoginPageTest"/>
  <testcase name="loginTest" time="0.283" classname="com.secutime.app.testcases.login.LoginPageTest"/>
</testsuite> <!-- Default test -->
