<?xml version="1.0" encoding="UTF-8"?>
<testng-results skipped="0" failed="0" ignored="0" total="2" passed="2">
  <reporter-output>
  </reporter-output>
  <suite name="Default suite" duration-ms="18279" started-at="2019-09-05T11:45:04Z" finished-at="2019-09-05T11:45:22Z">
    <groups>
    </groups>
    <test name="Default test" duration-ms="18279" started-at="2019-09-05T11:45:04Z" finished-at="2019-09-05T11:45:22Z">
      <class name="com.secutime.app.testcases.login.LoginPageTest">
        <test-method status="PASS" signature="setUp()[pri:0, instance:com.secutime.app.testcases.login.LoginPageTest@5c3bd550]" name="setUp" is-config="true" duration-ms="12760" started-at="2019-09-05T11:45:04Z" finished-at="2019-09-05T11:45:17Z">
          <reporter-output>
          </reporter-output>
        </test-method> <!-- setUp -->
        <test-method status="PASS" signature="loginPageTitleTest()[pri:1, instance:com.secutime.app.testcases.login.LoginPageTest@5c3bd550]" name="loginPageTitleTest" duration-ms="37" started-at="2019-09-05T11:45:17Z" finished-at="2019-09-05T11:45:17Z">
          <reporter-output>
          </reporter-output>
        </test-method> <!-- loginPageTitleTest -->
        <test-method status="PASS" signature="loginTest()[pri:2, instance:com.secutime.app.testcases.login.LoginPageTest@5c3bd550]" name="loginTest" duration-ms="5432" started-at="2019-09-05T11:45:17Z" finished-at="2019-09-05T11:45:22Z">
          <reporter-output>
          </reporter-output>
        </test-method> <!-- loginTest -->
      </class> <!-- com.secutime.app.testcases.login.LoginPageTest -->
    </test> <!-- Default test -->
  </suite> <!-- Default suite -->
</testng-results>
