<?xml version="1.0" encoding="UTF-8"?>
<testng-results skipped="0" failed="0" ignored="0" total="2" passed="2">
  <reporter-output>
  </reporter-output>
  <suite name="Default suite" duration-ms="16255" started-at="2019-09-04T13:41:08Z" finished-at="2019-09-04T13:41:24Z">
    <groups>
    </groups>
    <test name="Default test" duration-ms="16255" started-at="2019-09-04T13:41:08Z" finished-at="2019-09-04T13:41:24Z">
      <class name="com.secutime.app.testcases.login.LoginPageTest">
        <test-method status="PASS" signature="setUp()[pri:0, instance:com.secutime.app.testcases.login.LoginPageTest@91161c7]" name="setUp" is-config="true" duration-ms="15055" started-at="2019-09-04T13:41:08Z" finished-at="2019-09-04T13:41:23Z">
          <reporter-output>
          </reporter-output>
        </test-method> <!-- setUp -->
        <test-method status="PASS" signature="loginPageTitleTest()[pri:1, instance:com.secutime.app.testcases.login.LoginPageTest@91161c7]" name="loginPageTitleTest" duration-ms="69" started-at="2019-09-04T13:41:23Z" finished-at="2019-09-04T13:41:23Z">
          <reporter-output>
          </reporter-output>
        </test-method> <!-- loginPageTitleTest -->
        <test-method status="PASS" signature="loginTest()[pri:2, instance:com.secutime.app.testcases.login.LoginPageTest@91161c7]" name="loginTest" duration-ms="283" started-at="2019-09-04T13:41:23Z" finished-at="2019-09-04T13:41:23Z">
          <reporter-output>
          </reporter-output>
        </test-method> <!-- loginTest -->
        <test-method status="PASS" signature="tearDown()[pri:0, instance:com.secutime.app.testcases.login.LoginPageTest@91161c7]" name="tearDown" is-config="true" duration-ms="817" started-at="2019-09-04T13:41:23Z" finished-at="2019-09-04T13:41:24Z">
          <reporter-output>
          </reporter-output>
        </test-method> <!-- tearDown -->
      </class> <!-- com.secutime.app.testcases.login.LoginPageTest -->
    </test> <!-- Default test -->
  </suite> <!-- Default suite -->
</testng-results>
